This file contains any messages produced by compilers while
running configure, to aid debugging if configure makes a mistake.

It was created by rootsh configure 1.5.2, which was
generated by GNU Autoconf 2.59.  Invocation command line was

  $ ./configure 

## --------- ##
## Platform. ##
## --------- ##

hostname = prince-master0.hpc.nyu.edu
uname -m = x86_64
uname -r = 3.10.0-327.36.3.el7.x86_64
uname -s = Linux
uname -v = #1 SMP Mon Oct 24 16:09:20 UTC 2016

/usr/bin/uname -p = x86_64
/bin/uname -X     = unknown

/bin/arch              = x86_64
/usr/bin/arch -k       = unknown
/usr/convex/getsysinfo = unknown
hostinfo               = unknown
/bin/machine           = unknown
/usr/bin/oslevel       = unknown
/bin/universe          = unknown

PATH: /usr/local/bin
PATH: /usr/bin
PATH: /usr/local/sbin
PATH: /usr/sbin
PATH: /opt/ibutils/bin
PATH: /opt/slurm/bin
PATH: /opt/dell/srvadmin/bin
PATH: /home/teague/bin
PATH: /home/teague/devops
PATH: /usr/local/cuda-8.0/bin


## ----------- ##
## Core tests. ##
## ----------- ##

configure:1370: checking for a BSD-compatible install
configure:1425: result: /usr/bin/install -c
configure:1436: checking whether build environment is sane
configure:1479: result: yes
configure:1544: checking for gawk
configure:1560: found /usr/bin/gawk
configure:1570: result: gawk
configure:1580: checking whether make sets $(MAKE)
configure:1600: result: yes
configure:1774: checking build system type
configure:1792: result: x86_64-unknown-linux-gnu
configure:1800: checking host system type
configure:1814: result: x86_64-unknown-linux-gnu
configure:1824: checking for syslog
configure:1837: result: enabled
configure:1844: checking for syslog facility
configure:1859: result: local5.notice
configure:1883: checking for syslog linenumbering
configure:1896: result: enabled
configure:1904: checking for username in syslog
configure:1922: result: enabled
configure:1939: checking for logfile
configure:1949: result: enabled
configure:1957: checking for logdir
configure:2000: result: /var/log/rootsh
configure:2008: checking for maximum logfile size
configure:2037: result: 0
configure:2056: checking for defaultshell
configure:2104: result: /bin/bash
configure:2165: checking for gcc
configure:2181: found /usr/bin/gcc
configure:2191: result: gcc
configure:2212: checking for C compiler version
configure:2215: gcc --version </dev/null >&5
gcc (GCC) 4.8.5 20150623 (Red Hat 4.8.5-4)
Copyright (C) 2015 Free Software Foundation, Inc.
This is free software; see the source for copying conditions.  There is NO
warranty; not even for MERCHANTABILITY or FITNESS FOR A PARTICULAR PURPOSE.

configure:2218: $? = 0
configure:2220: gcc -v </dev/null >&5
Using built-in specs.
COLLECT_GCC=gcc
COLLECT_LTO_WRAPPER=/usr/libexec/gcc/x86_64-redhat-linux/4.8.5/lto-wrapper
Target: x86_64-redhat-linux
Configured with: ../configure --prefix=/usr --mandir=/usr/share/man --infodir=/usr/share/info --with-bugurl=http://bugzilla.redhat.com/bugzilla --enable-bootstrap --enable-shared --enable-threads=posix --enable-checking=release --with-system-zlib --enable-__cxa_atexit --disable-libunwind-exceptions --enable-gnu-unique-object --enable-linker-build-id --with-linker-hash-style=gnu --enable-languages=c,c++,objc,obj-c++,java,fortran,ada,go,lto --enable-plugin --enable-initfini-array --disable-libgcj --with-isl=/builddir/build/BUILD/gcc-4.8.5-20150702/obj-x86_64-redhat-linux/isl-install --with-cloog=/builddir/build/BUILD/gcc-4.8.5-20150702/obj-x86_64-redhat-linux/cloog-install --enable-gnu-indirect-function --with-tune=generic --with-arch_32=x86-64 --build=x86_64-redhat-linux
Thread model: posix
gcc version 4.8.5 20150623 (Red Hat 4.8.5-4) (GCC) 
configure:2223: $? = 0
configure:2225: gcc -V </dev/null >&5
gcc: error: unrecognized command line option '-V'
gcc: fatal error: no input files
compilation terminated.
configure:2228: $? = 4
configure:2251: checking for C compiler default output file name
configure:2254: gcc    conftest.c  >&5
configure:2257: $? = 0
configure:2303: result: a.out
configure:2308: checking whether the C compiler works
configure:2314: ./a.out
configure:2317: $? = 0
configure:2334: result: yes
configure:2341: checking whether we are cross compiling
configure:2343: result: no
configure:2346: checking for suffix of executables
configure:2348: gcc -o conftest    conftest.c  >&5
configure:2351: $? = 0
configure:2376: result: 
configure:2382: checking for suffix of object files
configure:2403: gcc -c   conftest.c >&5
configure:2406: $? = 0
configure:2428: result: o
configure:2432: checking whether we are using the GNU C compiler
configure:2456: gcc -c   conftest.c >&5
configure:2462: $? = 0
configure:2466: test -z 
			 || test ! -s conftest.err
configure:2469: $? = 0
configure:2472: test -s conftest.o
configure:2475: $? = 0
configure:2488: result: yes
configure:2494: checking whether gcc accepts -g
configure:2515: gcc -c -g  conftest.c >&5
configure:2521: $? = 0
configure:2525: test -z 
			 || test ! -s conftest.err
configure:2528: $? = 0
configure:2531: test -s conftest.o
configure:2534: $? = 0
configure:2545: result: yes
configure:2562: checking for gcc option to accept ANSI C
configure:2632: gcc  -c -g -O2  conftest.c >&5
configure:2638: $? = 0
configure:2642: test -z 
			 || test ! -s conftest.err
configure:2645: $? = 0
configure:2648: test -s conftest.o
configure:2651: $? = 0
configure:2669: result: none needed
configure:2687: gcc -c -g -O2  conftest.c >&5
conftest.c:2:3: error: unknown type name 'choke'
   choke me
   ^
conftest.c:2:3: error: expected '=', ',', ';', 'asm' or '__attribute__' at end of input
configure:2693: $? = 1
configure: failed program was:
| #ifndef __cplusplus
|   choke me
| #endif
configure:2837: checking for style of include used by make
configure:2865: result: GNU
configure:2893: checking dependency style of gcc
configure:2983: result: gcc3
configure:3003: checking for /etc/shells
configure:3006: result: found
configure:3030: checking how to run the C preprocessor
configure:3065: gcc -E  conftest.c
configure:3071: $? = 0
configure:3103: gcc -E  conftest.c
conftest.c:23:28: fatal error: ac_nonexistent.h: No such file or directory
 #include <ac_nonexistent.h>
                            ^
compilation terminated.
configure:3109: $? = 1
configure: failed program was:
| /* confdefs.h.  */
| 
| #define PACKAGE_NAME "rootsh"
| #define PACKAGE_TARNAME "rootsh"
| #define PACKAGE_VERSION "1.5.2"
| #define PACKAGE_STRING "rootsh 1.5.2"
| #define PACKAGE_BUGREPORT ""
| #define PACKAGE "rootsh"
| #define VERSION "1.5.2"
| #define LOGTOSYSLOG 1
| #define SYSLOGFACILITYNAME "local5"
| #define SYSLOGPRIORITYNAME "notice"
| #define SYSLOGFACILITY LOG_LOCAL5
| #define SYSLOGPRIORITY LOG_NOTICE
| #define LINECNT 1
| #define LOGUSERNAMETOSYSLOG 1
| #define LOGTOFILE 1
| #define LOGDIR "/var/log/rootsh"
| #define MAXLOGFILESIZE 0
| #define DEFAULTSHELL "/bin/bash"
| #define HAS_ETC_SHELLS 1
| /* end confdefs.h.  */
| #include <ac_nonexistent.h>
configure:3148: result: gcc -E
configure:3172: gcc -E  conftest.c
configure:3178: $? = 0
configure:3210: gcc -E  conftest.c
conftest.c:23:28: fatal error: ac_nonexistent.h: No such file or directory
 #include <ac_nonexistent.h>
                            ^
compilation terminated.
configure:3216: $? = 1
configure: failed program was:
| /* confdefs.h.  */
| 
| #define PACKAGE_NAME "rootsh"
| #define PACKAGE_TARNAME "rootsh"
| #define PACKAGE_VERSION "1.5.2"
| #define PACKAGE_STRING "rootsh 1.5.2"
| #define PACKAGE_BUGREPORT ""
| #define PACKAGE "rootsh"
| #define VERSION "1.5.2"
| #define LOGTOSYSLOG 1
| #define SYSLOGFACILITYNAME "local5"
| #define SYSLOGPRIORITYNAME "notice"
| #define SYSLOGFACILITY LOG_LOCAL5
| #define SYSLOGPRIORITY LOG_NOTICE
| #define LINECNT 1
| #define LOGUSERNAMETOSYSLOG 1
| #define LOGTOFILE 1
| #define LOGDIR "/var/log/rootsh"
| #define MAXLOGFILESIZE 0
| #define DEFAULTSHELL "/bin/bash"
| #define HAS_ETC_SHELLS 1
| /* end confdefs.h.  */
| #include <ac_nonexistent.h>
configure:3260: checking for egrep
configure:3270: result: grep -E
configure:3275: checking for ANSI C header files
configure:3300: gcc -c -g -O2  conftest.c >&5
configure:3306: $? = 0
configure:3310: test -z 
			 || test ! -s conftest.err
configure:3313: $? = 0
configure:3316: test -s conftest.o
configure:3319: $? = 0
configure:3408: gcc -o conftest -g -O2   conftest.c  >&5
conftest.c: In function 'main':
conftest.c:40:7: warning: incompatible implicit declaration of built-in function 'exit' [enabled by default]
       exit(2);
       ^
configure:3411: $? = 0
configure:3413: ./conftest
configure:3416: $? = 0
configure:3431: result: yes
configure:3443: checking for LIBUTIL=-lutil in -lutil
configure:3473: gcc -o conftest -g -O2   conftest.c -lutil   >&5
conftest.c:31:1: error: initializer element is not constant
 char LIBUTIL=-lutil ();
 ^
configure:3479: $? = 1
configure: failed program was:
| /* confdefs.h.  */
| 
| #define PACKAGE_NAME "rootsh"
| #define PACKAGE_TARNAME "rootsh"
| #define PACKAGE_VERSION "1.5.2"
| #define PACKAGE_STRING "rootsh 1.5.2"
| #define PACKAGE_BUGREPORT ""
| #define PACKAGE "rootsh"
| #define VERSION "1.5.2"
| #define LOGTOSYSLOG 1
| #define SYSLOGFACILITYNAME "local5"
| #define SYSLOGPRIORITYNAME "notice"
| #define SYSLOGFACILITY LOG_LOCAL5
| #define SYSLOGPRIORITY LOG_NOTICE
| #define LINECNT 1
| #define LOGUSERNAMETOSYSLOG 1
| #define LOGTOFILE 1
| #define LOGDIR "/var/log/rootsh"
| #define MAXLOGFILESIZE 0
| #define DEFAULTSHELL "/bin/bash"
| #define HAS_ETC_SHELLS 1
| #define STDC_HEADERS 1
| /* end confdefs.h.  */
| 
| /* Override any gcc2 internal prototype to avoid an error.  */
| #ifdef __cplusplus
| extern "C"
| #endif
| /* We use char because int might match the return type of a gcc2
|    builtin and then its argument prototype would still apply.  */
| char LIBUTIL=-lutil ();
| int
| main ()
| {
| LIBUTIL=-lutil ();
|   ;
|   return 0;
| }
configure:3505: result: no
configure:3519: checking for ANSI C header files
configure:3675: result: yes
configure:3699: checking for sys/types.h
configure:3715: gcc -c -g -O2  conftest.c >&5
configure:3721: $? = 0
configure:3725: test -z 
			 || test ! -s conftest.err
configure:3728: $? = 0
configure:3731: test -s conftest.o
configure:3734: $? = 0
configure:3745: result: yes
configure:3699: checking for sys/stat.h
configure:3715: gcc -c -g -O2  conftest.c >&5
configure:3721: $? = 0
configure:3725: test -z 
			 || test ! -s conftest.err
configure:3728: $? = 0
configure:3731: test -s conftest.o
configure:3734: $? = 0
configure:3745: result: yes
configure:3699: checking for stdlib.h
configure:3715: gcc -c -g -O2  conftest.c >&5
configure:3721: $? = 0
configure:3725: test -z 
			 || test ! -s conftest.err
configure:3728: $? = 0
configure:3731: test -s conftest.o
configure:3734: $? = 0
configure:3745: result: yes
configure:3699: checking for string.h
configure:3715: gcc -c -g -O2  conftest.c >&5
configure:3721: $? = 0
configure:3725: test -z 
			 || test ! -s conftest.err
configure:3728: $? = 0
configure:3731: test -s conftest.o
configure:3734: $? = 0
configure:3745: result: yes
configure:3699: checking for memory.h
configure:3715: gcc -c -g -O2  conftest.c >&5
configure:3721: $? = 0
configure:3725: test -z 
			 || test ! -s conftest.err
configure:3728: $? = 0
configure:3731: test -s conftest.o
configure:3734: $? = 0
configure:3745: result: yes
configure:3699: checking for strings.h
configure:3715: gcc -c -g -O2  conftest.c >&5
configure:3721: $? = 0
configure:3725: test -z 
			 || test ! -s conftest.err
configure:3728: $? = 0
configure:3731: test -s conftest.o
configure:3734: $? = 0
configure:3745: result: yes
configure:3699: checking for inttypes.h
configure:3715: gcc -c -g -O2  conftest.c >&5
configure:3721: $? = 0
configure:3725: test -z 
			 || test ! -s conftest.err
configure:3728: $? = 0
configure:3731: test -s conftest.o
configure:3734: $? = 0
configure:3745: result: yes
configure:3699: checking for stdint.h
configure:3715: gcc -c -g -O2  conftest.c >&5
configure:3721: $? = 0
configure:3725: test -z 
			 || test ! -s conftest.err
configure:3728: $? = 0
configure:3731: test -s conftest.o
configure:3734: $? = 0
configure:3745: result: yes
configure:3699: checking for unistd.h
configure:3715: gcc -c -g -O2  conftest.c >&5
configure:3721: $? = 0
configure:3725: test -z 
			 || test ! -s conftest.err
configure:3728: $? = 0
configure:3731: test -s conftest.o
configure:3734: $? = 0
configure:3745: result: yes
configure:3766: checking for string.h
configure:3771: result: yes
configure:3775: checking fcntl.h usability
configure:3787: gcc -c -g -O2  conftest.c >&5
configure:3793: $? = 0
configure:3797: test -z 
			 || test ! -s conftest.err
configure:3800: $? = 0
configure:3803: test -s conftest.o
configure:3806: $? = 0
configure:3816: result: yes
configure:3820: checking fcntl.h presence
configure:3830: gcc -E  conftest.c
configure:3836: $? = 0
configure:3856: result: yes
configure:3891: checking for fcntl.h
configure:3898: result: yes
configure:3775: checking sys/file.h usability
configure:3787: gcc -c -g -O2  conftest.c >&5
configure:3793: $? = 0
configure:3797: test -z 
			 || test ! -s conftest.err
configure:3800: $? = 0
configure:3803: test -s conftest.o
configure:3806: $? = 0
configure:3816: result: yes
configure:3820: checking sys/file.h presence
configure:3830: gcc -E  conftest.c
configure:3836: $? = 0
configure:3856: result: yes
configure:3891: checking for sys/file.h
configure:3898: result: yes
configure:3775: checking sys/param.h usability
configure:3787: gcc -c -g -O2  conftest.c >&5
configure:3793: $? = 0
configure:3797: test -z 
			 || test ! -s conftest.err
configure:3800: $? = 0
configure:3803: test -s conftest.o
configure:3806: $? = 0
configure:3816: result: yes
configure:3820: checking sys/param.h presence
configure:3830: gcc -E  conftest.c
configure:3836: $? = 0
configure:3856: result: yes
configure:3891: checking for sys/param.h
configure:3898: result: yes
configure:3775: checking stropts.h usability
configure:3787: gcc -c -g -O2  conftest.c >&5
conftest.c:72:21: fatal error: stropts.h: No such file or directory
 #include <stropts.h>
                     ^
compilation terminated.
configure:3793: $? = 1
configure: failed program was:
| /* confdefs.h.  */
| 
| #define PACKAGE_NAME "rootsh"
| #define PACKAGE_TARNAME "rootsh"
| #define PACKAGE_VERSION "1.5.2"
| #define PACKAGE_STRING "rootsh 1.5.2"
| #define PACKAGE_BUGREPORT ""
| #define PACKAGE "rootsh"
| #define VERSION "1.5.2"
| #define LOGTOSYSLOG 1
| #define SYSLOGFACILITYNAME "local5"
| #define SYSLOGPRIORITYNAME "notice"
| #define SYSLOGFACILITY LOG_LOCAL5
| #define SYSLOGPRIORITY LOG_NOTICE
| #define LINECNT 1
| #define LOGUSERNAMETOSYSLOG 1
| #define LOGTOFILE 1
| #define LOGDIR "/var/log/rootsh"
| #define MAXLOGFILESIZE 0
| #define DEFAULTSHELL "/bin/bash"
| #define HAS_ETC_SHELLS 1
| #define STDC_HEADERS 1
| #define STDC_HEADERS 1
| #define HAVE_SYS_TYPES_H 1
| #define HAVE_SYS_STAT_H 1
| #define HAVE_STDLIB_H 1
| #define HAVE_STRING_H 1
| #define HAVE_MEMORY_H 1
| #define HAVE_STRINGS_H 1
| #define HAVE_INTTYPES_H 1
| #define HAVE_STDINT_H 1
| #define HAVE_UNISTD_H 1
| #define HAVE_STRING_H 1
| #define HAVE_FCNTL_H 1
| #define HAVE_SYS_FILE_H 1
| #define HAVE_SYS_PARAM_H 1
| /* end confdefs.h.  */
| #include <stdio.h>
| #if HAVE_SYS_TYPES_H
| # include <sys/types.h>
| #endif
| #if HAVE_SYS_STAT_H
| # include <sys/stat.h>
| #endif
| #if STDC_HEADERS
| # include <stdlib.h>
| # include <stddef.h>
| #else
| # if HAVE_STDLIB_H
| #  include <stdlib.h>
| # endif
| #endif
| #if HAVE_STRING_H
| # if !STDC_HEADERS && HAVE_MEMORY_H
| #  include <memory.h>
| # endif
| # include <string.h>
| #endif
| #if HAVE_STRINGS_H
| # include <strings.h>
| #endif
| #if HAVE_INTTYPES_H
| # include <inttypes.h>
| #else
| # if HAVE_STDINT_H
| #  include <stdint.h>
| # endif
| #endif
| #if HAVE_UNISTD_H
| # include <unistd.h>
| #endif
| #include <stropts.h>
configure:3816: result: no
configure:3820: checking stropts.h presence
configure:3830: gcc -E  conftest.c
conftest.c:38:21: fatal error: stropts.h: No such file or directory
 #include <stropts.h>
                     ^
compilation terminated.
configure:3836: $? = 1
configure: failed program was:
| /* confdefs.h.  */
| 
| #define PACKAGE_NAME "rootsh"
| #define PACKAGE_TARNAME "rootsh"
| #define PACKAGE_VERSION "1.5.2"
| #define PACKAGE_STRING "rootsh 1.5.2"
| #define PACKAGE_BUGREPORT ""
| #define PACKAGE "rootsh"
| #define VERSION "1.5.2"
| #define LOGTOSYSLOG 1
| #define SYSLOGFACILITYNAME "local5"
| #define SYSLOGPRIORITYNAME "notice"
| #define SYSLOGFACILITY LOG_LOCAL5
| #define SYSLOGPRIORITY LOG_NOTICE
| #define LINECNT 1
| #define LOGUSERNAMETOSYSLOG 1
| #define LOGTOFILE 1
| #define LOGDIR "/var/log/rootsh"
| #define MAXLOGFILESIZE 0
| #define DEFAULTSHELL "/bin/bash"
| #define HAS_ETC_SHELLS 1
| #define STDC_HEADERS 1
| #define STDC_HEADERS 1
| #define HAVE_SYS_TYPES_H 1
| #define HAVE_SYS_STAT_H 1
| #define HAVE_STDLIB_H 1
| #define HAVE_STRING_H 1
| #define HAVE_MEMORY_H 1
| #define HAVE_STRINGS_H 1
| #define HAVE_INTTYPES_H 1
| #define HAVE_STDINT_H 1
| #define HAVE_UNISTD_H 1
| #define HAVE_STRING_H 1
| #define HAVE_FCNTL_H 1
| #define HAVE_SYS_FILE_H 1
| #define HAVE_SYS_PARAM_H 1
| /* end confdefs.h.  */
| #include <stropts.h>
configure:3856: result: no
configure:3891: checking for stropts.h
configure:3898: result: no
configure:3925: checking libgen.h usability
configure:3937: gcc -c -g -O2  conftest.c >&5
configure:3943: $? = 0
configure:3947: test -z 
			 || test ! -s conftest.err
configure:3950: $? = 0
configure:3953: test -s conftest.o
configure:3956: $? = 0
configure:3966: result: yes
configure:3970: checking libgen.h presence
configure:3980: gcc -E  conftest.c
configure:3986: $? = 0
configure:4006: result: yes
configure:4041: checking for libgen.h
configure:4048: result: yes
configure:4075: checking pty.h usability
configure:4087: gcc -c -g -O2  conftest.c >&5
configure:4093: $? = 0
configure:4097: test -z 
			 || test ! -s conftest.err
configure:4100: $? = 0
configure:4103: test -s conftest.o
configure:4106: $? = 0
configure:4116: result: yes
configure:4120: checking pty.h presence
configure:4130: gcc -E  conftest.c
configure:4136: $? = 0
configure:4156: result: yes
configure:4191: checking for pty.h
configure:4198: result: yes
configure:4217: checking for forkpty
configure:4274: gcc -o conftest -g -O2   conftest.c  >&5
/tmp/ccpw8KL3.o:(.data+0x0): undefined reference to `forkpty'
/tmp/ccpw8KL3.o: In function `main':
/home/teague/rootsh-1.5.3/conftest.c:80: undefined reference to `forkpty'
collect2: error: ld returned 1 exit status
configure:4280: $? = 1
configure: failed program was:
| /* confdefs.h.  */
| 
| #define PACKAGE_NAME "rootsh"
| #define PACKAGE_TARNAME "rootsh"
| #define PACKAGE_VERSION "1.5.2"
| #define PACKAGE_STRING "rootsh 1.5.2"
| #define PACKAGE_BUGREPORT ""
| #define PACKAGE "rootsh"
| #define VERSION "1.5.2"
| #define LOGTOSYSLOG 1
| #define SYSLOGFACILITYNAME "local5"
| #define SYSLOGPRIORITYNAME "notice"
| #define SYSLOGFACILITY LOG_LOCAL5
| #define SYSLOGPRIORITY LOG_NOTICE
| #define LINECNT 1
| #define LOGUSERNAMETOSYSLOG 1
| #define LOGTOFILE 1
| #define LOGDIR "/var/log/rootsh"
| #define MAXLOGFILESIZE 0
| #define DEFAULTSHELL "/bin/bash"
| #define HAS_ETC_SHELLS 1
| #define STDC_HEADERS 1
| #define STDC_HEADERS 1
| #define HAVE_SYS_TYPES_H 1
| #define HAVE_SYS_STAT_H 1
| #define HAVE_STDLIB_H 1
| #define HAVE_STRING_H 1
| #define HAVE_MEMORY_H 1
| #define HAVE_STRINGS_H 1
| #define HAVE_INTTYPES_H 1
| #define HAVE_STDINT_H 1
| #define HAVE_UNISTD_H 1
| #define HAVE_STRING_H 1
| #define HAVE_FCNTL_H 1
| #define HAVE_SYS_FILE_H 1
| #define HAVE_SYS_PARAM_H 1
| #define HAVE_LIBGEN_H 1
| #define HAVE_PTY_H 1
| /* end confdefs.h.  */
| /* Define forkpty to an innocuous variant, in case <limits.h> declares forkpty.
|    For example, HP-UX 11i <limits.h> declares gettimeofday.  */
| #define forkpty innocuous_forkpty
| 
| /* System header to define __stub macros and hopefully few prototypes,
|     which can conflict with char forkpty (); below.
|     Prefer <limits.h> to <assert.h> if __STDC__ is defined, since
|     <limits.h> exists even on freestanding compilers.  */
| 
| #ifdef __STDC__
| # include <limits.h>
| #else
| # include <assert.h>
| #endif
| 
| #undef forkpty
| 
| /* Override any gcc2 internal prototype to avoid an error.  */
| #ifdef __cplusplus
| extern "C"
| {
| #endif
| /* We use char because int might match the return type of a gcc2
|    builtin and then its argument prototype would still apply.  */
| char forkpty ();
| /* The GNU C library defines this for functions which it implements
|     to always fail with ENOSYS.  Some functions are actually named
|     something starting with __ and the normal name is an alias.  */
| #if defined (__stub_forkpty) || defined (__stub___forkpty)
| choke me
| #else
| char (*f) () = forkpty;
| #endif
| #ifdef __cplusplus
| }
| #endif
| 
| int
| main ()
| {
| return f != forkpty;
|   ;
|   return 0;
| }
configure:4305: result: no
configure:4313: checking for forkpty in -lutil
configure:4343: gcc -o conftest -g -O2   conftest.c -lutil   >&5
configure:4349: $? = 0
configure:4353: test -z 
			 || test ! -s conftest.err
configure:4356: $? = 0
configure:4359: test -s conftest
configure:4362: $? = 0
configure:4375: result: yes
configure:4404: checking getopt.h usability
configure:4416: gcc -c -g -O2  conftest.c >&5
configure:4422: $? = 0
configure:4426: test -z 
			 || test ! -s conftest.err
configure:4429: $? = 0
configure:4432: test -s conftest.o
configure:4435: $? = 0
configure:4445: result: yes
configure:4449: checking getopt.h presence
configure:4459: gcc -E  conftest.c
configure:4465: $? = 0
configure:4485: result: yes
configure:4520: checking for getopt.h
configure:4527: result: yes
configure:4544: checking for getopt_long
configure:4601: gcc -o conftest -g -O2   conftest.c  -lutil >&5
configure:4607: $? = 0
configure:4611: test -z 
			 || test ! -s conftest.err
configure:4614: $? = 0
configure:4617: test -s conftest
configure:4620: $? = 0
configure:4632: result: yes
configure:4740: checking for basename
configure:4797: gcc -o conftest -g -O2   conftest.c  -lutil >&5
configure:4803: $? = 0
configure:4807: test -z 
			 || test ! -s conftest.err
configure:4810: $? = 0
configure:4813: test -s conftest
configure:4816: $? = 0
configure:4828: result: yes
configure:4925: checking for getusershell
configure:4982: gcc -o conftest -g -O2   conftest.c  -lutil >&5
configure:4988: $? = 0
configure:4992: test -z 
			 || test ! -s conftest.err
configure:4995: $? = 0
configure:4998: test -s conftest
configure:5001: $? = 0
configure:5013: result: yes
configure:5024: checking getusershell prototype
configure:5042: result: yes
configure:5078: checking for clearenv
configure:5135: gcc -o conftest -g -O2   conftest.c  -lutil >&5
configure:5141: $? = 0
configure:5145: test -z 
			 || test ! -s conftest.err
configure:5148: $? = 0
configure:5151: test -s conftest
configure:5154: $? = 0
configure:5166: result: yes
configure:5186: checking for sigset
configure:5243: gcc -o conftest -g -O2   conftest.c  -lutil >&5
configure:5249: $? = 0
configure:5253: test -z 
			 || test ! -s conftest.err
configure:5256: $? = 0
configure:5259: test -s conftest
configure:5262: $? = 0
configure:5274: result: yes
configure:5299: checking for sigaction
configure:5356: gcc -o conftest -g -O2   conftest.c  -lutil >&5
configure:5362: $? = 0
configure:5366: test -z 
			 || test ! -s conftest.err
configure:5369: $? = 0
configure:5372: test -s conftest
configure:5375: $? = 0
configure:5387: result: yes
configure:5409: checking whether supplying sigset prototypes is permitted
configure:5432: gcc -c -g -O2  conftest.c >&5
configure:5438: $? = 0
configure:5442: test -z 
			 || test ! -s conftest.err
configure:5445: $? = 0
configure:5448: test -s conftest.o
configure:5451: $? = 0
configure:5453: result: yes
configure:5467: checking return type of signal handlers
configure:5498: gcc -c -g -O2  conftest.c >&5
conftest.c:52:0: warning: "SUPPLY_SIGSET_PROTO" redefined [enabled by default]
 #define SUPPLY_SIGSET_PROTO 1
 ^
conftest.c:51:0: note: this is the location of the previous definition
 #define SUPPLY_SIGSET_PROTO
 ^
configure:5504: $? = 0
configure:5508: test -z 
			 || test ! -s conftest.err
configure:5511: $? = 0
configure:5514: test -s conftest.o
configure:5517: $? = 0
configure:5528: result: void
configure:5537: checking select() and fd_set in sys/select.h and sys/bsdtypes.h
configure:5559: gcc -c -g -O2  conftest.c >&5
conftest.c:52:0: warning: "SUPPLY_SIGSET_PROTO" redefined [enabled by default]
 #define SUPPLY_SIGSET_PROTO 1
 ^
conftest.c:51:0: note: this is the location of the previous definition
 #define SUPPLY_SIGSET_PROTO
 ^
configure:5565: $? = 0
configure:5569: test -z 
			 || test ! -s conftest.err
configure:5572: $? = 0
configure:5575: test -s conftest.o
configure:5578: $? = 0
configure:5589: result: not needed
configure:5716: checking FD_ZERO and strings.h or bstring.h
configure:5738: gcc -c -g -O2  conftest.c >&5
conftest.c:52:0: warning: "SUPPLY_SIGSET_PROTO" redefined [enabled by default]
 #define SUPPLY_SIGSET_PROTO 1
 ^
conftest.c:51:0: note: this is the location of the previous definition
 #define SUPPLY_SIGSET_PROTO
 ^
configure:5744: $? = 0
configure:5748: test -z 
			 || test ! -s conftest.err
configure:5751: $? = 0
configure:5754: test -s conftest.o
configure:5757: $? = 0
configure:5768: result: not needed
configure:5897: checking for master pty
configure:5923: result: ptmx
configure:5933: checking if your system supports the ttcompat streams module
configure:5960: gcc -o conftest -g -O2   conftest.c  -lutil >&5
conftest.c:52:0: warning: "SUPPLY_SIGSET_PROTO" redefined [enabled by default]
 #define SUPPLY_SIGSET_PROTO 1
 ^
conftest.c:51:0: note: this is the location of the previous definition
 #define SUPPLY_SIGSET_PROTO
 ^
conftest.c:59:21: fatal error: stropts.h: No such file or directory
 #include <stropts.h>
                     ^
compilation terminated.
configure:5963: $? = 1
configure: program exited with status 1
configure: failed program was:
| /* confdefs.h.  */
| 
| #define PACKAGE_NAME "rootsh"
| #define PACKAGE_TARNAME "rootsh"
| #define PACKAGE_VERSION "1.5.2"
| #define PACKAGE_STRING "rootsh 1.5.2"
| #define PACKAGE_BUGREPORT ""
| #define PACKAGE "rootsh"
| #define VERSION "1.5.2"
| #define LOGTOSYSLOG 1
| #define SYSLOGFACILITYNAME "local5"
| #define SYSLOGPRIORITYNAME "notice"
| #define SYSLOGFACILITY LOG_LOCAL5
| #define SYSLOGPRIORITY LOG_NOTICE
| #define LINECNT 1
| #define LOGUSERNAMETOSYSLOG 1
| #define LOGTOFILE 1
| #define LOGDIR "/var/log/rootsh"
| #define MAXLOGFILESIZE 0
| #define DEFAULTSHELL "/bin/bash"
| #define HAS_ETC_SHELLS 1
| #define STDC_HEADERS 1
| #define STDC_HEADERS 1
| #define HAVE_SYS_TYPES_H 1
| #define HAVE_SYS_STAT_H 1
| #define HAVE_STDLIB_H 1
| #define HAVE_STRING_H 1
| #define HAVE_MEMORY_H 1
| #define HAVE_STRINGS_H 1
| #define HAVE_INTTYPES_H 1
| #define HAVE_STDINT_H 1
| #define HAVE_UNISTD_H 1
| #define HAVE_STRING_H 1
| #define HAVE_FCNTL_H 1
| #define HAVE_SYS_FILE_H 1
| #define HAVE_SYS_PARAM_H 1
| #define HAVE_LIBGEN_H 1
| #define HAVE_PTY_H 1
| #define HAVE_FORKPTY 1
| #define HAVE_GETOPT_H 1
| #define HAVE_GETOPT_LONG 1
| #define HAVE_BASENAME 1
| #define HAVE_GETUSERSHELL 1
| #define NEED_GETUSERSHELL_PROTO 0
| #define HAVE_CLEARENV 1
| #define HAVE_CLEARENV 1
| #define HAVE_SIGSET 1
| #define HAVE_SIGSET 1
| #define HAVE_SIGACTION 1
| #define HAVE_SIGACTION 1
| #define SUPPLY_SIGSET_PROTO
| #define SUPPLY_SIGSET_PROTO 1
| #define RETSIGTYPE void
| #define MASTERPTYDEV "/dev/ptmx"
| /* end confdefs.h.  */
| 
| #include <stdio.h>
| #include <fcntl.h>
| #include <stropts.h>
| main()
| { int line;
| 
|   if ( (line = open("/dev/ptmx", O_RDWR)) >= 0 &&
|        ioctl(line, I_PUSH, "ttcompat") == 0 )
|     exit(0);
|   exit(1);
| }
| 
configure:5983: result: no
configure:6001: checking operating system
configure:6014: result: linux
configure:6080: checking for su
configure:6098: found /usr/bin/su
configure:6111: result: /usr/bin/su
configure:6137: checking for a BSD-compatible install
configure:6192: result: /usr/bin/install -c
configure:6203: checking whether make sets $(MAKE)
configure:6223: result: yes
configure:6352: creating ./config.status

## ---------------------- ##
## Running config.status. ##
## ---------------------- ##

This file was extended by rootsh config.status 1.5.2, which was
generated by GNU Autoconf 2.59.  Invocation command line was

  CONFIG_FILES    = 
  CONFIG_HEADERS  = 
  CONFIG_LINKS    = 
  CONFIG_COMMANDS = 
  $ ./config.status 

on prince-master0.hpc.nyu.edu

config.status:707: creating Makefile
config.status:707: creating src/Makefile
config.status:811: creating src/config.h
config.status:1317: executing depfiles commands

## ---------------- ##
## Cache variables. ##
## ---------------- ##

ac_cv_build=x86_64-unknown-linux-gnu
ac_cv_build_alias=x86_64-unknown-linux-gnu
ac_cv_c_compiler_gnu=yes
ac_cv_env_CC_set=
ac_cv_env_CC_value=
ac_cv_env_CFLAGS_set=
ac_cv_env_CFLAGS_value=
ac_cv_env_CPPFLAGS_set=
ac_cv_env_CPPFLAGS_value=
ac_cv_env_CPP_set=
ac_cv_env_CPP_value=
ac_cv_env_LDFLAGS_set=
ac_cv_env_LDFLAGS_value=
ac_cv_env_build_alias_set=
ac_cv_env_build_alias_value=
ac_cv_env_host_alias_set=
ac_cv_env_host_alias_value=
ac_cv_env_target_alias_set=
ac_cv_env_target_alias_value=
ac_cv_exeext=
ac_cv_func_basename=yes
ac_cv_func_clearenv=yes
ac_cv_func_forkpty=no
ac_cv_func_getopt_long=yes
ac_cv_func_getusershell=yes
ac_cv_func_sigaction=yes
ac_cv_func_sigset=yes
ac_cv_header_fcntl_h=yes
ac_cv_header_getopt_h=yes
ac_cv_header_inttypes_h=yes
ac_cv_header_libgen_h=yes
ac_cv_header_memory_h=yes
ac_cv_header_pty_h=yes
ac_cv_header_stdc=yes
ac_cv_header_stdint_h=yes
ac_cv_header_stdlib_h=yes
ac_cv_header_string_h=yes
ac_cv_header_strings_h=yes
ac_cv_header_stropts_h=no
ac_cv_header_sys_file_h=yes
ac_cv_header_sys_param_h=yes
ac_cv_header_sys_stat_h=yes
ac_cv_header_sys_types_h=yes
ac_cv_header_unistd_h=yes
ac_cv_host=x86_64-unknown-linux-gnu
ac_cv_host_alias=x86_64-unknown-linux-gnu
ac_cv_lib_util_LIBUTIL__lutil=no
ac_cv_lib_util_forkpty=yes
ac_cv_objext=o
ac_cv_path_SUCMD=/usr/bin/su
ac_cv_path_install='/usr/bin/install -c'
ac_cv_prog_AWK=gawk
ac_cv_prog_CPP='gcc -E'
ac_cv_prog_ac_ct_CC=gcc
ac_cv_prog_cc_g=yes
ac_cv_prog_cc_stdc=
ac_cv_prog_egrep='grep -E'
ac_cv_prog_make_make_set=yes
ac_cv_type_signal=void
am_cv_CC_dependencies_compiler_type=gcc3

## ----------------- ##
## Output variables. ##
## ----------------- ##

ACLOCAL='${SHELL} /home/teague/rootsh-1.5.3/config/missing --run aclocal-1.9'
AMDEPBACKSLASH='\'
AMDEP_FALSE='#'
AMDEP_TRUE=''
AMTAR='${SHELL} /home/teague/rootsh-1.5.3/config/missing --run tar'
AUTOCONF='${SHELL} /home/teague/rootsh-1.5.3/config/missing --run autoconf'
AUTOHEADER='${SHELL} /home/teague/rootsh-1.5.3/config/missing --run autoheader'
AUTOMAKE='${SHELL} /home/teague/rootsh-1.5.3/config/missing --run automake-1.9'
AWK='gawk'
CC='gcc'
CCDEPMODE='depmode=gcc3'
CFLAGS='-g -O2 -Wall -Wstrict-prototypes -Wmissing-declarations   -Wnested-externs -Wpointer-arith -pedantic -pedantic -Wstrict-prototypes'
CPP='gcc -E'
CPPFLAGS=''
CYGPATH_W='echo'
DEFS='-DHAVE_CONFIG_H'
DEPDIR='.deps'
ECHO_C=''
ECHO_N='-n'
ECHO_T=''
EGREP='grep -E'
EXEEXT=''
INSTALL_DATA='${INSTALL} -m 644'
INSTALL_PROGRAM='${INSTALL}'
INSTALL_SCRIPT='${INSTALL}'
INSTALL_STRIP_PROGRAM='${SHELL} $(install_sh) -c -s'
LDFLAGS=''
LIBOBJS=''
LIBS=' -lutil'
LIBUTIL=''
LOGTOSYSLOG_FALSE='#'
LOGTOSYSLOG_TRUE=''
LTLIBOBJS=''
MAKEINFO='${SHELL} /home/teague/rootsh-1.5.3/config/missing --run makeinfo'
OBJEXT='o'
PACKAGE='rootsh'
PACKAGE_BUGREPORT=''
PACKAGE_NAME='rootsh'
PACKAGE_STRING='rootsh 1.5.2'
PACKAGE_TARNAME='rootsh'
PACKAGE_VERSION='1.5.2'
PATH_SEPARATOR=':'
SET_MAKE=''
SHELL='/bin/sh'
STRIP=''
SUCMD='/usr/bin/su'
VERSION='1.5.2'
ac_ct_CC='gcc'
ac_ct_STRIP=''
am__fastdepCC_FALSE='#'
am__fastdepCC_TRUE=''
am__include='include'
am__leading_dot='.'
am__quote=''
am__tar='${AMTAR} chof - "$$tardir"'
am__untar='${AMTAR} xf -'
bindir='${exec_prefix}/bin'
build='x86_64-unknown-linux-gnu'
build_alias=''
build_cpu='x86_64'
build_os='linux-gnu'
build_vendor='unknown'
datadir='${prefix}/share'
exec_prefix='${prefix}'
host='x86_64-unknown-linux-gnu'
host_alias=''
host_cpu='x86_64'
host_os='linux-gnu'
host_vendor='unknown'
includedir='${prefix}/include'
infodir='${prefix}/info'
install_sh='/home/teague/rootsh-1.5.3/config/install-sh'
libdir='${exec_prefix}/lib'
libexecdir='${exec_prefix}/libexec'
localstatedir='${prefix}/var'
mandir='${prefix}/man'
mkdir_p='mkdir -p --'
oldincludedir='/usr/include'
prefix='/usr/local'
program_transform_name='s,x,x,'
sbindir='${exec_prefix}/sbin'
sharedstatedir='${prefix}/com'
sysconfdir='${prefix}/etc'
target_alias=''

## ----------- ##
## confdefs.h. ##
## ----------- ##

#define DEFAULTSHELL "/bin/bash"
#define HAS_ETC_SHELLS 1
#define HAVE_BASENAME 1
#define HAVE_CLEARENV 1
#define HAVE_CLEARENV 1
#define HAVE_FCNTL_H 1
#define HAVE_FORKPTY 1
#define HAVE_GETOPT_H 1
#define HAVE_GETOPT_LONG 1
#define HAVE_GETUSERSHELL 1
#define HAVE_INTTYPES_H 1
#define HAVE_LIBGEN_H 1
#define HAVE_MEMORY_H 1
#define HAVE_PTY_H 1
#define HAVE_SIGACTION 1
#define HAVE_SIGACTION 1
#define HAVE_SIGSET 1
#define HAVE_SIGSET 1
#define HAVE_STDINT_H 1
#define HAVE_STDLIB_H 1
#define HAVE_STRINGS_H 1
#define HAVE_STRING_H 1
#define HAVE_STRING_H 1
#define HAVE_SYS_FILE_H 1
#define HAVE_SYS_PARAM_H 1
#define HAVE_SYS_STAT_H 1
#define HAVE_SYS_TYPES_H 1
#define HAVE_UNISTD_H 1
#define LINECNT 1
#define LINUX_COMPAT
#define LOGDIR "/var/log/rootsh"
#define LOGTOFILE 1
#define LOGTOSYSLOG 1
#define LOGUSERNAMETOSYSLOG 1
#define MASTERPTYDEV "/dev/ptmx"
#define MAXLOGFILESIZE 0
#define NEED_GETUSERSHELL_PROTO 0
#define PACKAGE "rootsh"
#define PACKAGE_BUGREPORT ""
#define PACKAGE_NAME "rootsh"
#define PACKAGE_STRING "rootsh 1.5.2"
#define PACKAGE_TARNAME "rootsh"
#define PACKAGE_VERSION "1.5.2"
#define RETSIGTYPE void
#define STDC_HEADERS 1
#define STDC_HEADERS 1
#define SUCMD "/usr/bin/su"
#define SUPPLY_SIGSET_PROTO
#define SUPPLY_SIGSET_PROTO 1
#define SYSLOGFACILITY LOG_LOCAL5
#define SYSLOGFACILITYNAME "local5"
#define SYSLOGPRIORITY LOG_NOTICE
#define SYSLOGPRIORITYNAME "notice"
#define VERSION "1.5.2"

configure: exit 0
